<?xml version="1.0" encoding="UTF-8"?>
<!-- Generated by org.testng.reporters.JUnitReportReporter -->
<testsuite hostname="DESKTOP-911E1RH" failures="0" tests="1" name="module1_login_test.swaglabLogintest" time="11.260" errors="0" timestamp="2023-11-27T20:33:53 IST" skipped="0">
  <testcase classname="module1_login_test.swaglabLogintest" name="verifyTitle" time="11.260"/>
</testsuite> <!-- module1_login_test.swaglabLogintest -->
