<?xml version="1.0" encoding="UTF-8"?>
<!-- Generated by org.testng.reporters.JUnitReportReporter -->
<testsuite hostname="DESKTOP-911E1RH" failures="0" tests="1" name="DemoQa_Test.TestClass" time="16.671" errors="0" timestamp="2023-11-28T13:19:28 IST" skipped="0">
  <testcase classname="DemoQa_Test.TestClass" name="verifyTitle" time="16.671"/>
</testsuite> <!-- DemoQa_Test.TestClass -->
